<?xml version="1.0" encoding="UTF-8"?>
<testsuite xmlns:xsi="http://www.w3.org/2001/XMLSchema-instance" xsi:noNamespaceSchemaLocation="https://maven.apache.org/surefire/maven-surefire-plugin/xsd/surefire-test-report.xsd" name="org.wso2.balana.BaseTestCase" time="2.296" tests="26" errors="0" skipped="0" failures="0">
  <properties>
    <property name="sun.desktop" value="windows"/>
    <property name="awt.toolkit" value="sun.awt.windows.WToolkit"/>
    <property name="file.encoding.pkg" value="sun.io"/>
    <property name="java.specification.version" value="1.8"/>
    <property name="sun.cpu.isalist" value="amd64"/>
    <property name="sun.jnu.encoding" value="GBK"/>
    <property name="java.class.path" value="D:\BUPT\project\digital-twin-uc\policy-service\engine\balana-core\target\test-classes;D:\BUPT\project\digital-twin-uc\policy-service\engine\balana-core\target\classes;C:\Users\djy\.m2\repository\junit\junit\4.13.1\junit-4.13.1.jar;C:\Users\djy\.m2\repository\org\hamcrest\hamcrest-core\1.3\hamcrest-core-1.3.jar;C:\Users\djy\.m2\repository\org\ops4j\pax\logging\pax-logging-api\1.10.1\pax-logging-api-1.10.1.jar;C:\Users\djy\.m2\repository\org\wso2\balana\org.wso2.balana.utils\1.2.27-SNAPSHOT\org.wso2.balana.utils-1.2.27-SNAPSHOT.jar;C:\Users\djy\.m2\repository\xerces\wso2\xercesImpl\2.8.1.wso2v2\xercesImpl-2.8.1.wso2v2.jar;C:\Users\djy\.m2\repository\xerces\xercesImpl\2.8.1\xercesImpl-2.8.1.jar;C:\Users\djy\.m2\repository\xml-apis\xml-apis\1.3.03\xml-apis-1.3.03.jar;"/>
    <property name="java.vm.vendor" value="Oracle Corporation"/>
    <property name="sun.arch.data.model" value="64"/>
    <property name="user.variant" value=""/>
    <property name="java.vendor.url" value="http://java.oracle.com/"/>
    <property name="user.timezone" value="Asia/Shanghai"/>
    <property name="java.vm.specification.version" value="1.8"/>
    <property name="os.name" value="Windows 11"/>
    <property name="user.country" value="CN"/>
    <property name="sun.java.launcher" value="SUN_STANDARD"/>
    <property name="sun.boot.library.path" value="C:\Program Files\Java\jdk1.8.0_341\jre\bin"/>
    <property name="sun.java.command" value="C:\Users\djy\AppData\Local\Temp\surefire152111861196266660\surefirebooter4135444453895988214.jar C:\Users\djy\AppData\Local\Temp\surefire152111861196266660 2025-02-17T15-18-31_103-jvmRun1 surefire8428652806458970607tmp surefire_03542196893392395337tmp"/>
    <property name="surefire.test.class.path" value="D:\BUPT\project\digital-twin-uc\policy-service\engine\balana-core\target\test-classes;D:\BUPT\project\digital-twin-uc\policy-service\engine\balana-core\target\classes;C:\Users\djy\.m2\repository\junit\junit\4.13.1\junit-4.13.1.jar;C:\Users\djy\.m2\repository\org\hamcrest\hamcrest-core\1.3\hamcrest-core-1.3.jar;C:\Users\djy\.m2\repository\org\ops4j\pax\logging\pax-logging-api\1.10.1\pax-logging-api-1.10.1.jar;C:\Users\djy\.m2\repository\org\wso2\balana\org.wso2.balana.utils\1.2.27-SNAPSHOT\org.wso2.balana.utils-1.2.27-SNAPSHOT.jar;C:\Users\djy\.m2\repository\xerces\wso2\xercesImpl\2.8.1.wso2v2\xercesImpl-2.8.1.wso2v2.jar;C:\Users\djy\.m2\repository\xerces\xercesImpl\2.8.1\xercesImpl-2.8.1.jar;C:\Users\djy\.m2\repository\xml-apis\xml-apis\1.3.03\xml-apis-1.3.03.jar;"/>
    <property name="sun.cpu.endian" value="little"/>
    <property name="user.home" value="C:\Users\djy"/>
    <property name="user.language" value="zh"/>
    <property name="java.specification.vendor" value="Oracle Corporation"/>
    <property name="java.home" value="C:\Program Files\Java\jdk1.8.0_341\jre"/>
    <property name="basedir" value="D:\BUPT\project\digital-twin-uc\policy-service\engine\balana-core"/>
    <property name="file.separator" value="\"/>
    <property name="line.separator" value="&#10;"/>
    <property name="java.vm.specification.vendor" value="Oracle Corporation"/>
    <property name="java.specification.name" value="Java Platform API Specification"/>
    <property name="java.awt.graphicsenv" value="sun.awt.Win32GraphicsEnvironment"/>
    <property name="surefire.real.class.path" value="C:\Users\djy\AppData\Local\Temp\surefire152111861196266660\surefirebooter4135444453895988214.jar;C:\\Users\\djy\\.m2\\repository\\org\\jacoco\\org.jacoco.agent\\0.7.9\\org.jacoco.agent-0.7.9-runtime.jar"/>
    <property name="sun.boot.class.path" value="C:\Program Files\Java\jdk1.8.0_341\jre\lib\resources.jar;C:\Program Files\Java\jdk1.8.0_341\jre\lib\rt.jar;C:\Program Files\Java\jdk1.8.0_341\jre\lib\jsse.jar;C:\Program Files\Java\jdk1.8.0_341\jre\lib\jce.jar;C:\Program Files\Java\jdk1.8.0_341\jre\lib\charsets.jar;C:\Program Files\Java\jdk1.8.0_341\jre\lib\jfr.jar;C:\Program Files\Java\jdk1.8.0_341\jre\classes"/>
    <property name="user.script" value=""/>
    <property name="sun.management.compiler" value="HotSpot 64-Bit Tiered Compilers"/>
    <property name="java.runtime.version" value="1.8.0_341-b10"/>
    <property name="user.name" value="djy"/>
    <property name="path.separator" value=";"/>
    <property name="os.version" value="10.0"/>
    <property name="java.endorsed.dirs" value="C:\Program Files\Java\jdk1.8.0_341\jre\lib\endorsed"/>
    <property name="java.runtime.name" value="Java(TM) SE Runtime Environment"/>
    <property name="file.encoding" value="GBK"/>
    <property name="java.vm.name" value="Java HotSpot(TM) 64-Bit Server VM"/>
    <property name="localRepository" value="C:\Users\djy\.m2\repository"/>
    <property name="java.vendor.url.bug" value="http://bugreport.sun.com/bugreport/"/>
    <property name="java.io.tmpdir" value="C:\Users\djy\AppData\Local\Temp\"/>
    <property name="java.version" value="1.8.0_341"/>
    <property name="user.dir" value="D:\BUPT\project\digital-twin-uc\policy-service\engine\balana-core"/>
    <property name="os.arch" value="amd64"/>
    <property name="java.vm.specification.name" value="Java Virtual Machine Specification"/>
    <property name="java.awt.printerjob" value="sun.awt.windows.WPrinterJob"/>
    <property name="sun.os.patch.level" value=""/>
    <property name="java.library.path" value="C:\Program Files\Java\jdk1.8.0_341\jre\bin;C:\WINDOWS\Sun\Java\bin;C:\WINDOWS\system32;C:\WINDOWS;D:\vmware\bin\;C:\Program Files (x86)\Common Files\Oracle\Java\javapath;C:\Program Files\Java\jdk1.8.0_341\bin;C:\WINDOWS\system32;C:\WINDOWS;C:\WINDOWS\System32\Wbem;C:\WINDOWS\System32\WindowsPowerShell\v1.0\;C:\WINDOWS\System32\OpenSSH\;D:\java_environment\maven\apache-maven-3.9.5\bin;D:\java_environment\apache\apache-tomcat-8.5.96\bin;C:\Program Files\Bandizip\;D:\BUPT\devtools\nvm;D:\BUPT\devtools\node;D:\BUPT\devtools\git\Git\cmd;D:\BUPT\devtools\Xshell\;D:\BUPT\devtools\xftp 8\;C:\Program Files\Docker\Docker\resources\bin;C:\Users\djy\AppData\Local\Microsoft\WindowsApps;D:\JetBrains\IntelliJ IDEA 2023.2.5\bin;;D:\BUPT\devtools\nvm;D:\BUPT\devtools\node;D:\BUPT\devtools\node\node_global;;C:\Users\djy\AppData\Roaming\Programs\Zero Install;D:\BUPT\devtools\Microsoft VS Code\bin;c:\Users\djy\AppData\Roaming\Code\User\globalStorage\github.copilot-chat\debugCommand;."/>
    <property name="java.vm.info" value="mixed mode"/>
    <property name="java.vendor" value="Oracle Corporation"/>
    <property name="java.vm.version" value="25.341-b10"/>
    <property name="java.ext.dirs" value="C:\Program Files\Java\jdk1.8.0_341\jre\lib\ext;C:\WINDOWS\Sun\Java\lib\ext"/>
    <property name="sun.io.unicode.encoding" value="UnicodeLittle"/>
    <property name="java.class.version" value="52.0"/>
  </properties>
  <testcase name="testConformanceTestA" classname="org.wso2.balana.conformance.ConformanceTestV2" time="0.596"/>
  <testcase name="testConformanceTestB" classname="org.wso2.balana.conformance.ConformanceTestV2" time="0.268"/>
  <testcase name="testConformanceTestC" classname="org.wso2.balana.conformance.ConformanceTestV2" time="0.833"/>
  <testcase name="testConformanceTestD" classname="org.wso2.balana.conformance.ConformanceTestV2" time="0.084"/>
  <testcase name="testConformanceTestA" classname="org.wso2.balana.conformance.ConformanceTestV3" time="0.129"/>
  <testcase name="testConformanceTestA" classname="org.wso2.balana.conformance.ConformanceTestV3" time="0.087"/>
  <testcase name="testBasicTest0001" classname="org.wso2.balana.basic.BasicTestV3" time="0.018"/>
  <testcase name="testBasicTest0002" classname="org.wso2.balana.basic.BasicTestV3" time="0.007"/>
  <testcase name="testBasicTest0003" classname="org.wso2.balana.basic.BasicTestV3" time="0.009"/>
  <testcase name="testBasicTest0004" classname="org.wso2.balana.basic.BasicTestV3" time="0.009"/>
  <testcase name="testBasicTest0005" classname="org.wso2.balana.basic.BasicTestV3" time="0.01"/>
  <testcase name="testBasicTest0001" classname="org.wso2.balana.basic.TestFunctionV3" time="0.007"/>
  <testcase name="testBasicTest0002" classname="org.wso2.balana.basic.TestFunctionV3" time="0.008"/>
  <testcase name="testBasicTest0003" classname="org.wso2.balana.basic.TestFunctionV3" time="0.006"/>
  <testcase name="testBasicTest0004" classname="org.wso2.balana.basic.TestFunctionV3" time="0.01"/>
  <testcase name="testBasicTest0005" classname="org.wso2.balana.basic.TestFunctionV3" time="0.01"/>
  <testcase name="testBasicTest0001" classname="org.wso2.balana.basic.TestMultipleRequestV3" time="0.009"/>
  <testcase name="testBasicTest0001" classname="org.wso2.balana.basic.TestXPathV3" time="0.035"/>
  <testcase name="testBasicTest0002" classname="org.wso2.balana.basic.TestXPathV3" time="0.017"/>
  <testcase name="testBasicTest0003" classname="org.wso2.balana.basic.TestXPathV3" time="0.015"/>
  <testcase name="testBasicTest0004" classname="org.wso2.balana.basic.TestXPathV3" time="0.014"/>
  <testcase name="testBasicTest0005" classname="org.wso2.balana.basic.TestXPathV3" time="0.012"/>
  <testcase name="testAdvanceTest0001" classname="org.wso2.balana.advance.AdvanceTestV3" time="0.002"/>
  <testcase name="testAdvanceTest0003" classname="org.wso2.balana.advance.AdvanceTestV3" time="0.018"/>
  <testcase name="testCheckInputs" classname="org.wso2.balana.advance.XACML3HigherOrderFunctionTest" time="0"/>
  <testcase name="testEvaluate" classname="org.wso2.balana.advance.XACML3HigherOrderFunctionTest" time="0.002"/>
</testsuite>